<?xml version="1.0" encoding="UTF-8"?>
<testng-results ignored="0" total="1" passed="1" failed="0" skipped="0">
  <reporter-output>
  </reporter-output>
  <suite started-at="2020-07-14T23:30:02Z" name="Default suite" finished-at="2020-07-14T23:30:06Z" duration-ms="4624">
    <groups>
    </groups>
    <test started-at="2020-07-14T23:30:02Z" name="Default test" finished-at="2020-07-14T23:30:06Z" duration-ms="4624">
      <class name="testNG.AboutPage">
        <test-method signature="verify()[pri:0, instance:testNG.AboutPage@7fad8c79]" started-at="2020-07-14T16:30:02Z" name="verify" finished-at="2020-07-14T16:30:06Z" duration-ms="4605" status="PASS">
          <reporter-output>
          </reporter-output>
        </test-method> <!-- verify -->
      </class> <!-- testNG.AboutPage -->
    </test> <!-- Default test -->
  </suite> <!-- Default suite -->
</testng-results>
